<?xml version="1.0" encoding="UTF-8"?>
<testng-results ignored="0" total="1" passed="1" failed="0" skipped="0">
  <reporter-output>
  </reporter-output>
  <suite started-at="2024-02-01T23:48:29 IST" name="Default suite" finished-at="2024-02-01T23:48:45 IST" duration-ms="15766">
    <groups>
    </groups>
    <test started-at="2024-02-01T23:48:29 IST" name="Default test" finished-at="2024-02-01T23:48:45 IST" duration-ms="15766">
      <class name="sampleMaventest.Irctc">
        <test-method signature="f()[pri:0, instance:sampleMaventest.Irctc@6ae5aa72]" started-at="2024-02-01T23:48:29 IST" name="f" finished-at="2024-02-01T23:48:45 IST" duration-ms="15696" status="PASS">
          <reporter-output>
          </reporter-output>
        </test-method> <!-- f -->
      </class> <!-- sampleMaventest.Irctc -->
    </test> <!-- Default test -->
  </suite> <!-- Default suite -->
</testng-results>
